2024-10-13 15:12:38 [info]: 合约的实例，成功拿到！
2024-10-13 15:12:38 [info]: Contract balance: 5000000000220000.0 kwei
2024-10-13 16:08:24 [info]: 合约的实例，成功拿到！
2024-10-13 16:08:24 [info]: Contract balance: 5000000000220000.0 kwei
2024-10-13 16:08:24 [info]: Contract balance: 5000000000220.0 mwei
2024-10-13 16:08:24 [info]: Contract balance: 5000000000.22 gwei
2024-10-13 16:08:24 [info]: Contract balance: 5.00000000022 eth
2024-10-13 16:09:46 [info]: 合约的实例，成功拿到！
2024-10-13 16:09:46 [info]: Contract balance: 10000000000220000.0 kwei
2024-10-13 16:10:11 [info]: 合约的实例，成功拿到！
2024-10-13 16:10:49 [info]: 合约的实例，成功拿到！
2024-10-13 16:11:18 [info]: 合约的实例，成功拿到！
2024-10-13 16:22:22 [info]: 合约的实例，成功拿到！
2024-10-13 16:27:34 [info]: 合约的实例，成功拿到！
2024-10-13 16:30:16 [info]: 合约的实例，成功拿到！
2024-10-13 17:09:57 [info]: 合约的实例，成功拿到！
2024-10-13 17:10:34 [info]: 合约的实例，成功拿到！
2024-10-13 17:28:21 [info]: 合约的实例，成功拿到！
2024-10-13 17:28:52 [info]: 合约的实例，成功拿到！
2024-10-13 17:29:07 [info]: 合约的实例，成功拿到！
2024-10-13 17:29:42 [info]: 合约的实例，成功拿到！
2024-10-13 17:30:16 [info]: 合约的实例，成功拿到！
2024-10-13 17:31:20 [info]: 合约的实例，成功拿到！
2024-10-13 17:38:46 [info]: 合约的实例，成功拿到！
2024-10-13 17:39:18 [info]: 合约的实例，成功拿到！
2024-10-13 18:15:18 [info]: 合约的实例，成功拿到！
2024-10-13 18:15:30 [info]: 合约的实例，成功拿到！
2024-10-13 18:15:30 [info]: Contract balance: 10000000000220000.0 kwei
2024-10-13 18:19:03 [info]: 合约的实例，成功拿到！
2024-10-13 18:19:43 [info]: 合约的实例，成功拿到！
2024-10-13 18:31:06 [info]: 合约的实例，成功拿到！
2024-10-13 18:32:42 [info]: 合约的实例，成功拿到！
2024-10-13 18:33:01 [info]: 合约的实例，成功拿到！
2024-10-13 18:33:35 [info]: 合约的实例，成功拿到！
2024-10-13 18:33:35 [info]: Contract balance: 10000000000220000.0 kwei
2024-10-13 18:56:10 [info]: 合约的实例，成功拿到！
2024-10-13 18:56:11 [info]: Contract balance: 10000000000220000.0 kwei
2024-10-13 18:56:20 [info]: 合约的实例，成功拿到！
2024-10-13 19:12:41 [info]: 合约的实例，成功拿到！
2024-10-13 19:17:57 [info]: 合约的实例，成功拿到！
2024-10-13 19:23:19 [info]: 合约的实例，成功拿到！
2024-10-13 19:25:40 [info]: 合约的实例，成功拿到！
2024-10-13 19:30:26 [info]: Total accounts available: 6
2024-10-13 19:33:11 [info]: Total accounts available: 6
2024-10-13 19:33:11 [info]: Deploying contracts with the account: 0x352307e6d885976D25B780f2af1F519084F6b2E7
2024-10-13 19:33:11 [info]: Contract deployed to: 0x16aB89509cf644F71389Ce2ce5BaC7787F8309B8
2024-10-13 19:34:20 [info]: 合约的实例，成功拿到！
2024-10-13 19:34:20 [info]: Contract balance: 0.0 kwei
2024-10-13 19:34:48 [info]: 合约的实例，成功拿到！
2024-10-13 19:35:32 [info]: 合约的实例，成功拿到！
2024-10-13 19:35:32 [info]: Contract balance: 5000000000000000.0 kwei
2024-10-13 19:35:50 [info]: 合约的实例，成功拿到！
2024-10-13 19:36:42 [info]: 合约的实例，成功拿到！
2024-10-13 19:38:03 [info]: signers.length = 6
2024-10-13 19:38:53 [info]: signers.length = 6
2024-10-13 19:39:15 [info]: signers.length = 6
2024-10-13 19:39:51 [info]: signers.length = 6
2024-10-13 19:40:10 [info]: signers.length = 6
2024-10-13 19:42:01 [info]: Total accounts available: 6
2024-10-13 19:42:01 [info]: Deploying contracts with the account: 0x352307e6d885976D25B780f2af1F519084F6b2E7
2024-10-13 19:42:02 [info]: Contract deployed to: 0x43519f3e9789D8E6A06D4dc6BF50A48D47C38b5F
2024-10-13 19:43:14 [info]: signers.length = 6
2024-10-13 19:43:14 [info]: 合约的实例，成功拿到！
2024-10-13 19:43:14 [info]: Contract balance: 0.0 kwei
2024-10-13 19:43:30 [info]: signers.length = 6
2024-10-13 19:43:59 [info]: 合约的实例，成功拿到！
2024-10-13 19:43:59 [info]: {
  "transactionIndex": 0,
  "blockNumber": 141,
  "transactionHash": "0x74f3ca8dd05d217fdcfa5788c4ce42f4845135db14c72377cbb13b3212bc170b",
  "address": "0xE4cA9a8f04ca23731B7863742F24032f561682F1",
  "topics": [
    "0x317ba7a85994a032260935696ee363fc0e61b8e4d805c4b759ae524b9d1effa5"
  ],
  "data": "0x0000000000000000000000000000000000000000000000000000000000000001",
  "logIndex": 0,
  "blockHash": "0xeedfc5d03f4bade99499f86018ba1ff695a7417888ff765a394d8f2001ce8644",
  "args": [
    true
  ],
  "event": "DoLog3",
  "eventSignature": "DoLog3(bool)"
}
2024-10-13 19:48:59 [info]: Total accounts available: 6
2024-10-13 19:48:59 [info]: Deploying contracts with the account: 0x352307e6d885976D25B780f2af1F519084F6b2E7
2024-10-13 19:48:59 [info]: Contract deployed to: 0xF07dB98C5cb70D5F72C3A260E85C69Dc34ee019C
2024-10-13 19:50:18 [info]: Total accounts available: 6
2024-10-13 19:50:18 [info]: Deploying contracts with the account: 0x352307e6d885976D25B780f2af1F519084F6b2E7
2024-10-13 19:50:18 [info]: Contract deployed to: 0x7a51Fd6bdcB3907e46C08cCE21F553795Ef4E0Fb
2024-10-13 19:50:28 [info]: signers.length = 6
2024-10-13 19:53:13 [info]: signers.length = 6
2024-10-13 19:53:34 [info]: signers.length = 6
2024-10-13 19:54:41 [info]: signers.length = 6
2024-10-13 19:54:41 [info]: 合约的实例，成功拿到！
2024-10-13 19:54:41 [info]: contract.execTransaction 准备
2024-10-13 19:54:41 [error]: Error submitting transaction: invalid BigNumber value (argument="value", value={"hash":"0x97d3e3cd06e5e4a798a71a9cc05672c15e0029971a22a2ea0851d908b49d4f7b","type":2,"accessList":[],"blockHash":"0x761a510360c357b44405406ce2d0f09fee0e57703d0198907949b461f1f9d953","blockNumber":144,"transactionIndex":0,"confirmations":1,"from":"0x352307e6d885976D25B780f2af1F519084F6b2E7","gasPrice":{"type":"BigNumber","hex":"0x11"},"maxPriorityFeePerGas":{"type":"BigNumber","hex":"0x03"},"maxFeePerGas":{"type":"BigNumber","hex":"0x11"},"gasLimit":{"type":"BigNumber","hex":"0x5775"},"to":"0xF07dB98C5cb70D5F72C3A260E85C69Dc34ee019C","value":{"type":"BigNumber","hex":"0x00"},"nonce":131,"data":"0x12065fe0","r":"0x006b1234dd49cc8643320648e79d8f71c21e9f0a53a665f86adab17afab2b7c1","s":"0x6c678a9fb9d2505cb754008bb06147469ebb63e34e35f3b1890de1b8949cb28e","v":1,"creates":null,"chainId":1337}, code=INVALID_ARGUMENT, version=bignumber/5.7.0)
2024-10-13 19:56:22 [info]: signers.length = 6
2024-10-13 19:56:22 [info]: 合约的实例，成功拿到！
2024-10-13 19:57:10 [info]: Total accounts available: 6
2024-10-13 19:57:10 [info]: Deploying contracts with the account: 0x352307e6d885976D25B780f2af1F519084F6b2E7
2024-10-13 19:57:10 [info]: Contract deployed to: 0xDcFE092b33545192042cE245aC88f3e72dba369A
2024-10-13 19:57:41 [info]: signers.length = 6
2024-10-13 19:57:41 [info]: 合约的实例，成功拿到！
2024-10-13 19:58:35 [info]: Total accounts available: 6
2024-10-13 19:58:35 [info]: Deploying contracts with the account: 0x352307e6d885976D25B780f2af1F519084F6b2E7
2024-10-13 19:58:35 [info]: Contract deployed to: 0xDbc70F348642052E1DDb8b1Db2E79Ed0016F7B64
2024-10-13 19:58:53 [info]: signers.length = 6
2024-10-13 19:58:53 [info]: 合约的实例，成功拿到！
2024-10-13 20:01:20 [info]: signers.length = 6
2024-10-13 20:01:20 [info]: 合约的实例，成功拿到！
2024-10-13 20:01:20 [info]: balance = [object Object]
2024-10-13 20:02:13 [info]: Total accounts available: 6
2024-10-13 20:02:13 [info]: Deploying contracts with the account: 0x352307e6d885976D25B780f2af1F519084F6b2E7
2024-10-13 20:02:13 [info]: Contract deployed to: 0xff98Bd2Da51E94665c3F4735ca27CEFd9718fFbd
2024-10-13 20:02:38 [info]: signers.length = 6
2024-10-13 20:02:38 [info]: 合约的实例，成功拿到！
2024-10-13 20:02:38 [info]: balance = 0
2024-10-13 20:07:52 [info]: signers.length = 6
2024-10-13 20:07:52 [info]: 合约的实例，成功拿到！
2024-10-13 20:07:52 [info]: contract.execTransaction 准备
2024-10-13 20:07:52 [info]: contract.execTransaction 完毕
2024-10-13 20:07:52 [info]: {
  "transactionIndex": 0,
  "blockNumber": 152,
  "transactionHash": "0x15f5af2dd4758bca2de5439a1075a85fe1e54b9b05b4ca9fc70fcc3348021424",
  "address": "0xff98Bd2Da51E94665c3F4735ca27CEFd9718fFbd",
  "topics": [
    "0x719fd57595a44e7c27af8890f1e156652a11c43a8990a30bf8c618f55e4e2675"
  ],
  "data": "0x000000000000000000000000000000000000000000000000000000000000000b",
  "logIndex": 0,
  "blockHash": "0x34c73d44eb1a19c2dae411b1ecde6ff79ee6418a888dc8c8fb5c6ec4245af54a",
  "args": [
    {
      "type": "BigNumber",
      "hex": "0x0b"
    }
  ],
  "event": "DebugLog",
  "eventSignature": "DebugLog(uint256)"
}
2024-10-13 20:08:41 [info]: Total accounts available: 6
2024-10-13 20:08:41 [info]: Deploying contracts with the account: 0x352307e6d885976D25B780f2af1F519084F6b2E7
2024-10-13 20:08:41 [info]: Contract deployed to: 0x99310c02eA8d837121Ae5a7F6de9A840A0079c3d
2024-10-13 20:14:06 [info]: Total accounts available: 6
2024-10-13 20:14:06 [info]: Deploying contracts with the account: 0x352307e6d885976D25B780f2af1F519084F6b2E7
2024-10-13 20:14:06 [info]: Contract deployed to: 0xB960f44dC6F1eceB7460cD19a58d7AD2b7228476
2024-10-13 20:14:30 [info]: signers.length = 6
2024-10-13 20:14:30 [info]: 合约的实例，成功拿到！
2024-10-13 20:14:30 [info]: contract.execTransaction 准备
2024-10-13 20:14:31 [info]: contract.execTransaction 完毕
2024-10-13 20:14:31 [info]: {
  "transactionIndex": 0,
  "blockNumber": 155,
  "transactionHash": "0x3a495589075879493883726a2b3db379b97f9b085abff10eca7192c57b5baf64",
  "address": "0xB960f44dC6F1eceB7460cD19a58d7AD2b7228476",
  "topics": [
    "0xd4d08bbe72daa8195ef93d2e4d0a02028ecbb0bcae605d4433c0698316c261ca"
  ],
  "data": "0xbd2177f08c41d02384dc6e1ba3d7b162463a156aca3e2021e38d4f655c21f5c2",
  "logIndex": 0,
  "blockHash": "0xe475021f711ae77a00a0b5acc5fa205fa69dfe66686816a44be063f7b61838d9",
  "args": [
    "0xbd2177f08c41d02384dc6e1ba3d7b162463a156aca3e2021e38d4f655c21f5c2"
  ],
  "event": "CheckSignaturesFailure",
  "eventSignature": "CheckSignaturesFailure(bytes32)"
}
2024-10-13 20:15:41 [info]: Total accounts available: 6
2024-10-13 20:15:41 [info]: Deploying contracts with the account: 0x352307e6d885976D25B780f2af1F519084F6b2E7
2024-10-13 20:15:41 [info]: Contract deployed to: 0x9A0Cf04f9a04262C5bECad54e58B75B483567906
2024-10-13 20:15:54 [info]: signers.length = 6
2024-10-13 20:15:54 [info]: 合约的实例，成功拿到！
2024-10-13 20:15:54 [info]: contract.execTransaction 准备
2024-10-13 20:15:54 [error]: Error submitting transaction: VM Exception while processing transaction: revert WTF5007
2024-10-13 20:35:56 [info]: Total accounts available: 6
2024-10-13 20:35:56 [info]: Deploying contracts with the account: 0x352307e6d885976D25B780f2af1F519084F6b2E7
2024-10-13 20:35:56 [info]: Contract deployed to: 0xaB6eCA4c0c50E576D9208bd9489EDE988A24622C
2024-10-13 20:36:26 [info]: Total accounts available: 6
2024-10-13 20:36:26 [info]: Deploying contracts with the account: 0x352307e6d885976D25B780f2af1F519084F6b2E7
2024-10-13 20:36:26 [info]: Contract deployed to: 0x23494f5000639bfc998b46e30a0ed74b3121e129
2024-10-13 20:36:33 [info]: signers.length = 6
2024-10-13 20:37:21 [info]: signers.length = 6
2024-10-13 20:38:42 [info]: signers.length = 6
2024-10-13 20:38:42 [info]: 合约的实例，成功拿到！
2024-10-13 20:38:42 [info]: contract.execTransaction 准备
2024-10-13 20:38:42 [info]: contract.execTransaction 完毕
2024-10-13 20:38:42 [info]: {
  "transactionIndex": 0,
  "blockNumber": 159,
  "transactionHash": "0x67ad890bc918e135aea6bfac09b6e3c07d080398312c61611485c8ff633a1c26",
  "address": "0xaB6eCA4c0c50E576D9208bd9489EDE988A24622C",
  "topics": [
    "0xe21a0cbb5b916c7911aa0264da53f7dcba5230344ced962870988b1c021552e9"
  ],
  "data": "0x0000000000000000000000002e90c9d96eb748bf30167874527459d77b39275f0000000000000000000000000000000000000000000000000de0b6b3a764000000000000000000000000000000000000000000000000000000000000000000c000000000000000000000000000000000000000000000000000000000000000000000000000000000000000000000000000000000000000000000000000000539bd2177f08c41d02384dc6e1ba3d7b162463a156aca3e2021e38d4f655c21f5c20000000000000000000000000000000000000000000000000000000000000000",
  "logIndex": 0,
  "blockHash": "0x38fa2bdac4e6e0e476c664c5272b0807f82df383e032346579b15e8f01751248",
  "args": [
    "0x2E90c9d96Eb748BF30167874527459d77B39275F",
    {
      "type": "BigNumber",
      "hex": "0x0de0b6b3a7640000"
    },
    "0x",
    {
      "type": "BigNumber",
      "hex": "0x00"
    },
    {
      "type": "BigNumber",
      "hex": "0x0539"
    },
    "0xbd2177f08c41d02384dc6e1ba3d7b162463a156aca3e2021e38d4f655c21f5c2"
  ],
  "event": "EncodeTransactionData",
  "eventSignature": "EncodeTransactionData(address,uint256,bytes,uint256,uint256,bytes32)"
}
2024-10-13 20:45:12 [info]: signers.length = 6
2024-10-13 20:45:12 [info]: 合约的实例，成功拿到！
2024-10-13 20:45:12 [info]: contract.execTransaction 准备
2024-10-13 20:45:12 [info]: contract.execTransaction 完毕
2024-10-13 20:45:12 [info]: {
  "transactionIndex": 0,
  "blockNumber": 160,
  "transactionHash": "0xd4c993c572fd3496268fde22cd1b492ac28d89d46337752a9a6fad45609ffceb",
  "address": "0xaB6eCA4c0c50E576D9208bd9489EDE988A24622C",
  "topics": [
    "0xe21a0cbb5b916c7911aa0264da53f7dcba5230344ced962870988b1c021552e9"
  ],
  "data": "0x0000000000000000000000002e90c9d96eb748bf30167874527459d77b39275f0000000000000000000000000000000000000000000000000de0b6b3a764000000000000000000000000000000000000000000000000000000000000000000c000000000000000000000000000000000000000000000000000000000000000010000000000000000000000000000000000000000000000000000000000000539ef619fac586eefc07f09f2802f48b18799971202cc47ef68fced98d3ffa5917c0000000000000000000000000000000000000000000000000000000000000000",
  "logIndex": 0,
  "blockHash": "0x9a19cebd79ad450db994d75370d935ddf3fff713e153dd5587ac3371f25f5bb9",
  "args": [
    "0x2E90c9d96Eb748BF30167874527459d77B39275F",
    {
      "type": "BigNumber",
      "hex": "0x0de0b6b3a7640000"
    },
    "0x",
    {
      "type": "BigNumber",
      "hex": "0x01"
    },
    {
      "type": "BigNumber",
      "hex": "0x0539"
    },
    "0xef619fac586eefc07f09f2802f48b18799971202cc47ef68fced98d3ffa5917c"
  ],
  "event": "EncodeTransactionData",
  "eventSignature": "EncodeTransactionData(address,uint256,bytes,uint256,uint256,bytes32)"
}
2024-10-13 20:48:16 [info]: signers.length = 6
2024-10-13 20:50:29 [info]: Total accounts available: 6
2024-10-13 20:50:29 [info]: Deploying contracts with the account: 0x352307e6d885976D25B780f2af1F519084F6b2E7
2024-10-13 20:50:30 [info]: Contract deployed to: 0x36daA10c287A46b789395904af72E634e9A3bD68
2024-10-13 20:50:59 [info]: signers.length = 6
2024-10-13 20:50:59 [info]: 合约的实例，成功拿到！
2024-10-13 20:50:59 [info]: contract.execTransaction 准备
2024-10-13 20:50:59 [info]: contract.execTransaction 完毕
2024-10-13 20:50:59 [info]: {
  "transactionIndex": 0,
  "blockNumber": 162,
  "transactionHash": "0x3faa326b1b25fff6c2cd9ddf5f90cd4f62800f2538f99f93085f253da10eeda3",
  "address": "0x36daA10c287A46b789395904af72E634e9A3bD68",
  "topics": [
    "0xe21a0cbb5b916c7911aa0264da53f7dcba5230344ced962870988b1c021552e9"
  ],
  "data": "0x0000000000000000000000002e90c9d96eb748bf30167874527459d77b39275f0000000000000000000000000000000000000000000000000de0b6b3a764000000000000000000000000000000000000000000000000000000000000000000c000000000000000000000000000000000000000000000000000000000000000000000000000000000000000000000000000000000000000000000000000000539bd2177f08c41d02384dc6e1ba3d7b162463a156aca3e2021e38d4f655c21f5c20000000000000000000000000000000000000000000000000000000000000000",
  "logIndex": 0,
  "blockHash": "0x76cf8f6b0194767edc5bc96aa2e5a96b498f66e6e4772242fdb7eb9685c5463d",
  "args": [
    "0x2E90c9d96Eb748BF30167874527459d77B39275F",
    {
      "type": "BigNumber",
      "hex": "0x0de0b6b3a7640000"
    },
    "0x",
    {
      "type": "BigNumber",
      "hex": "0x00"
    },
    {
      "type": "BigNumber",
      "hex": "0x0539"
    },
    "0xbd2177f08c41d02384dc6e1ba3d7b162463a156aca3e2021e38d4f655c21f5c2"
  ],
  "event": "EncodeTransactionData",
  "eventSignature": "EncodeTransactionData(address,uint256,bytes,uint256,uint256,bytes32)"
}
2024-10-13 20:51:39 [info]: Total accounts available: 6
2024-10-13 20:51:39 [info]: Deploying contracts with the account: 0x352307e6d885976D25B780f2af1F519084F6b2E7
2024-10-13 20:51:39 [info]: Contract deployed to: 0xf43ac44f15c61a6fdc450c595DdFB8B3E98e73fc
2024-10-13 20:51:53 [info]: signers.length = 6
2024-10-13 20:51:53 [info]: 合约的实例，成功拿到！
2024-10-13 20:51:53 [info]: contract.execTransaction 准备
2024-10-13 20:51:53 [info]: contract.execTransaction 完毕
2024-10-13 20:51:53 [info]: {
  "transactionIndex": 0,
  "blockNumber": 164,
  "transactionHash": "0x7d207729eeb698bf6ab9d16a82254a84d6aa62a61dfbe6d9afaf8dde85594c96",
  "address": "0xf43ac44f15c61a6fdc450c595DdFB8B3E98e73fc",
  "topics": [
    "0xe21a0cbb5b916c7911aa0264da53f7dcba5230344ced962870988b1c021552e9"
  ],
  "data": "0x0000000000000000000000002e90c9d96eb748bf30167874527459d77b39275f0000000000000000000000000000000000000000000000000de0b6b3a764000000000000000000000000000000000000000000000000000000000000000000c000000000000000000000000000000000000000000000000000000000000000000000000000000000000000000000000000000000000000000000000000000539bd2177f08c41d02384dc6e1ba3d7b162463a156aca3e2021e38d4f655c21f5c20000000000000000000000000000000000000000000000000000000000000000",
  "logIndex": 0,
  "blockHash": "0x85bad039cecbc6cb8d48dfa930005229d284fbe7c3a035ac297d4c8c5133668d",
  "args": [
    "0x2E90c9d96Eb748BF30167874527459d77B39275F",
    {
      "type": "BigNumber",
      "hex": "0x0de0b6b3a7640000"
    },
    "0x",
    {
      "type": "BigNumber",
      "hex": "0x00"
    },
    {
      "type": "BigNumber",
      "hex": "0x0539"
    },
    "0xbd2177f08c41d02384dc6e1ba3d7b162463a156aca3e2021e38d4f655c21f5c2"
  ],
  "event": "EncodeTransactionData",
  "eventSignature": "EncodeTransactionData(address,uint256,bytes,uint256,uint256,bytes32)"
}
2024-10-13 20:53:52 [info]: signers.length = 6
2024-10-13 20:56:20 [info]: signers.length = 6
2024-10-13 20:56:46 [info]: signers.length = 6
2024-10-13 20:57:35 [info]: signers.length = 6
2024-10-13 20:58:29 [info]: signers.length = 6
2024-10-13 20:59:15 [info]: signers.length = 6
2024-10-13 20:59:54 [info]: signers.length = 6
2024-10-13 21:00:48 [info]: signers.length = 6
2024-10-13 21:00:48 [info]: 合约的实例，成功拿到！
2024-10-13 21:00:48 [info]: contract.execTransaction 准备
2024-10-13 21:00:48 [info]: contract.execTransaction 完毕
2024-10-13 21:00:48 [info]: {
  "transactionIndex": 0,
  "blockNumber": 165,
  "transactionHash": "0x3941b62cf6a29ebc10f31e5572df8db96ebfbe5fe6349997d0f5585915a4a255",
  "address": "0xf43ac44f15c61a6fdc450c595DdFB8B3E98e73fc",
  "topics": [
    "0xe21a0cbb5b916c7911aa0264da53f7dcba5230344ced962870988b1c021552e9"
  ],
  "data": "0x0000000000000000000000002e90c9d96eb748bf30167874527459d77b39275f0000000000000000000000000000000000000000000000000de0b6b3a764000000000000000000000000000000000000000000000000000000000000000000c000000000000000000000000000000000000000000000000000000000000000000000000000000000000000000000000000000000000000000000000000000539bd2177f08c41d02384dc6e1ba3d7b162463a156aca3e2021e38d4f655c21f5c20000000000000000000000000000000000000000000000000000000000000000",
  "logIndex": 0,
  "blockHash": "0xa6b1c5e1fd06942f158952375f3c3458be49c76abc6c6bc9168b2d304be3ae52",
  "args": [
    "0x2E90c9d96Eb748BF30167874527459d77B39275F",
    {
      "type": "BigNumber",
      "hex": "0x0de0b6b3a7640000"
    },
    "0x",
    {
      "type": "BigNumber",
      "hex": "0x00"
    },
    {
      "type": "BigNumber",
      "hex": "0x0539"
    },
    "0xbd2177f08c41d02384dc6e1ba3d7b162463a156aca3e2021e38d4f655c21f5c2"
  ],
  "event": "EncodeTransactionData",
  "eventSignature": "EncodeTransactionData(address,uint256,bytes,uint256,uint256,bytes32)"
}
2024-10-13 21:02:56 [info]: signers.length = 6
2024-10-13 21:05:13 [info]: signers.length = 6
2024-10-13 21:05:54 [info]: signers.length = 6
2024-10-13 21:07:03 [info]: signers.length = 6
2024-10-13 21:09:28 [info]: signers.length = 6
2024-10-13 21:16:20 [info]: signers.length = 6
2024-10-13 21:20:35 [info]: signers.length = 6
2024-10-13 21:24:31 [info]: Total accounts available: 6
2024-10-13 21:24:31 [info]: Deploying contracts with the account: 0x352307e6d885976D25B780f2af1F519084F6b2E7
2024-10-13 21:24:31 [info]: Contract deployed to: 0x8F8524FB2042fb68812a5be0058987C7bbcd62e4
2024-10-13 21:31:21 [info]: Total accounts available: 6
2024-10-13 21:31:21 [info]: Deploying contracts with the account: 0x352307e6d885976D25B780f2af1F519084F6b2E7
2024-10-13 21:31:21 [info]: Contract deployed to: 0x9AF6c92519ddaa4f7A214819A4AD2d7D83f3F9a6
2024-10-13 21:31:47 [info]: signers.length = 6
2024-10-13 21:32:50 [info]: signers.length = 6
2024-10-13 21:32:50 [info]: 合约的实例，成功拿到！
2024-10-13 21:32:50 [info]: {
  "transactionIndex": 0,
  "blockNumber": 168,
  "transactionHash": "0x8c5a0a3668110eb2601e60a2794c0e5b5c1dfd505e3473133d96f25554eb9239",
  "address": "0x9AF6c92519ddaa4f7A214819A4AD2d7D83f3F9a6",
  "topics": [
    "0x06eb3f7a2b58a517c40c1539f9de85335dd3f9e280a321c951b744d99582778b"
  ],
  "data": "0x0000000000000000000000002e90c9d96eb748bf30167874527459d77b39275f0000000000000000000000000000000000000000000000000de0b6b3a7640000c5d2460186f7233c927e7db2dcc703c0e500b653ca82273b7bfad8045d85a47000000000000000000000000000000000000000000000000000000000000000000000000000000000000000000000000000000000000000000000000000000539bd2177f08c41d02384dc6e1ba3d7b162463a156aca3e2021e38d4f655c21f5c2",
  "logIndex": 0,
  "blockHash": "0xbc3f7841e9b7a089c65e3913f537cc68f5aaddb72fecee2f5c4ae9e6c50266db",
  "args": [
    "0x2E90c9d96Eb748BF30167874527459d77B39275F",
    {
      "type": "BigNumber",
      "hex": "0x0de0b6b3a7640000"
    },
    "0xc5d2460186f7233c927e7db2dcc703c0e500b653ca82273b7bfad8045d85a470",
    {
      "type": "BigNumber",
      "hex": "0x00"
    },
    {
      "type": "BigNumber",
      "hex": "0x0539"
    },
    "0xbd2177f08c41d02384dc6e1ba3d7b162463a156aca3e2021e38d4f655c21f5c2"
  ],
  "event": "EncodeTransactionData",
  "eventSignature": "EncodeTransactionData(address,uint256,bytes32,uint256,uint256,bytes32)"
}
2024-10-13 21:34:45 [info]: signers.length = 6
2024-10-13 21:34:45 [info]: 合约的实例，成功拿到！
2024-10-13 21:34:45 [info]: {
  "transactionIndex": 0,
  "blockNumber": 169,
  "transactionHash": "0x90289b30ff4e5c6604bea6f4fc573b183f3dd9442c6560933eab181047402d07",
  "address": "0x9AF6c92519ddaa4f7A214819A4AD2d7D83f3F9a6",
  "topics": [
    "0x06eb3f7a2b58a517c40c1539f9de85335dd3f9e280a321c951b744d99582778b"
  ],
  "data": "0x0000000000000000000000002e90c9d96eb748bf30167874527459d77b39275f0000000000000000000000000000000000000000000000000de0b6b3a7640000c5d2460186f7233c927e7db2dcc703c0e500b653ca82273b7bfad8045d85a47000000000000000000000000000000000000000000000000000000000000000000000000000000000000000000000000000000000000000000000000000000539bd2177f08c41d02384dc6e1ba3d7b162463a156aca3e2021e38d4f655c21f5c2",
  "logIndex": 0,
  "blockHash": "0xa18a0418261cc208ef38d7564ca5689c66cdafd0c32cbc82b0208e6a8f699318",
  "args": [
    "0x2E90c9d96Eb748BF30167874527459d77B39275F",
    {
      "type": "BigNumber",
      "hex": "0x0de0b6b3a7640000"
    },
    "0xc5d2460186f7233c927e7db2dcc703c0e500b653ca82273b7bfad8045d85a470",
    {
      "type": "BigNumber",
      "hex": "0x00"
    },
    {
      "type": "BigNumber",
      "hex": "0x0539"
    },
    "0xbd2177f08c41d02384dc6e1ba3d7b162463a156aca3e2021e38d4f655c21f5c2"
  ],
  "event": "EncodeTransactionData",
  "eventSignature": "EncodeTransactionData(address,uint256,bytes32,uint256,uint256,bytes32)"
}
2024-10-13 21:37:56 [info]: signers.length = 6
2024-10-13 21:37:56 [info]: 合约的实例，成功拿到！
2024-10-13 21:37:56 [info]: {
  "transactionIndex": 0,
  "blockNumber": 170,
  "transactionHash": "0xeb5f7498efcb36e9a15f552d5514d5c6ee96d58a4a6ae98242daa5d8c62cdf7c",
  "address": "0x9AF6c92519ddaa4f7A214819A4AD2d7D83f3F9a6",
  "topics": [
    "0x06eb3f7a2b58a517c40c1539f9de85335dd3f9e280a321c951b744d99582778b"
  ],
  "data": "0x0000000000000000000000002e90c9d96eb748bf30167874527459d77b39275f0000000000000000000000000000000000000000000000000de0b6b3a7640000c5d2460186f7233c927e7db2dcc703c0e500b653ca82273b7bfad8045d85a47000000000000000000000000000000000000000000000000000000000000000000000000000000000000000000000000000000000000000000000000000000539bd2177f08c41d02384dc6e1ba3d7b162463a156aca3e2021e38d4f655c21f5c2",
  "logIndex": 0,
  "blockHash": "0xa53a950164dc2bed7123756704a38f85cab52f0d1c9f95e2322063b359cde20d",
  "args": [
    "0x2E90c9d96Eb748BF30167874527459d77B39275F",
    {
      "type": "BigNumber",
      "hex": "0x0de0b6b3a7640000"
    },
    "0xc5d2460186f7233c927e7db2dcc703c0e500b653ca82273b7bfad8045d85a470",
    {
      "type": "BigNumber",
      "hex": "0x00"
    },
    {
      "type": "BigNumber",
      "hex": "0x0539"
    },
    "0xbd2177f08c41d02384dc6e1ba3d7b162463a156aca3e2021e38d4f655c21f5c2"
  ],
  "event": "EncodeTransactionData",
  "eventSignature": "EncodeTransactionData(address,uint256,bytes32,uint256,uint256,bytes32)"
}
2024-10-13 21:38:20 [info]: signers.length = 6
2024-10-13 21:38:20 [info]: 合约的实例，成功拿到！
2024-10-13 21:38:20 [info]: {
  "transactionIndex": 0,
  "blockNumber": 171,
  "transactionHash": "0x27edee1d3071f2a87125afd07ffc6776a82c7e17158af9eff9d65da6eb52cfd1",
  "address": "0x9AF6c92519ddaa4f7A214819A4AD2d7D83f3F9a6",
  "topics": [
    "0x06eb3f7a2b58a517c40c1539f9de85335dd3f9e280a321c951b744d99582778b"
  ],
  "data": "0x0000000000000000000000002e90c9d96eb748bf30167874527459d77b39275f0000000000000000000000000000000000000000000000000de0b6b3a7640000c5d2460186f7233c927e7db2dcc703c0e500b653ca82273b7bfad8045d85a47000000000000000000000000000000000000000000000000000000000000000000000000000000000000000000000000000000000000000000000000000000539bd2177f08c41d02384dc6e1ba3d7b162463a156aca3e2021e38d4f655c21f5c2",
  "logIndex": 0,
  "blockHash": "0x6598a50e710549af479e7fd18edc454f22f8b464c8ecb51d1c09e5dc9105ee32",
  "args": [
    "0x2E90c9d96Eb748BF30167874527459d77B39275F",
    {
      "type": "BigNumber",
      "hex": "0x0de0b6b3a7640000"
    },
    "0xc5d2460186f7233c927e7db2dcc703c0e500b653ca82273b7bfad8045d85a470",
    {
      "type": "BigNumber",
      "hex": "0x00"
    },
    {
      "type": "BigNumber",
      "hex": "0x0539"
    },
    "0xbd2177f08c41d02384dc6e1ba3d7b162463a156aca3e2021e38d4f655c21f5c2"
  ],
  "event": "EncodeTransactionData",
  "eventSignature": "EncodeTransactionData(address,uint256,bytes32,uint256,uint256,bytes32)"
}
2024-10-13 21:40:07 [info]: signers.length = 6
2024-10-13 21:40:07 [info]: 合约的实例，成功拿到！
2024-10-13 21:40:07 [info]: {
  "transactionIndex": 0,
  "blockNumber": 172,
  "transactionHash": "0x09f254275b05231e5a163e5fdfbfe9e8d51bc9cfd0c2767c883aacfddd06aa95",
  "address": "0x9AF6c92519ddaa4f7A214819A4AD2d7D83f3F9a6",
  "topics": [
    "0x06eb3f7a2b58a517c40c1539f9de85335dd3f9e280a321c951b744d99582778b"
  ],
  "data": "0x0000000000000000000000002e90c9d96eb748bf30167874527459d77b39275f0000000000000000000000000000000000000000000000000de0b6b3a7640000c5d2460186f7233c927e7db2dcc703c0e500b653ca82273b7bfad8045d85a47000000000000000000000000000000000000000000000000000000000000000000000000000000000000000000000000000000000000000000000000000000539bd2177f08c41d02384dc6e1ba3d7b162463a156aca3e2021e38d4f655c21f5c2",
  "logIndex": 0,
  "blockHash": "0x8d703ca077782e47ebafa827306a7a1399be01124534103f733fcf78914258c3",
  "args": [
    "0x2E90c9d96Eb748BF30167874527459d77B39275F",
    {
      "type": "BigNumber",
      "hex": "0x0de0b6b3a7640000"
    },
    "0xc5d2460186f7233c927e7db2dcc703c0e500b653ca82273b7bfad8045d85a470",
    {
      "type": "BigNumber",
      "hex": "0x00"
    },
    {
      "type": "BigNumber",
      "hex": "0x0539"
    },
    "0xbd2177f08c41d02384dc6e1ba3d7b162463a156aca3e2021e38d4f655c21f5c2"
  ],
  "event": "EncodeTransactionData",
  "eventSignature": "EncodeTransactionData(address,uint256,bytes32,uint256,uint256,bytes32)"
}
2024-10-13 21:42:16 [info]: signers.length = 6
2024-10-13 21:42:16 [info]: 合约的实例，成功拿到！
2024-10-13 21:42:16 [info]: {
  "transactionIndex": 0,
  "blockNumber": 173,
  "transactionHash": "0xc2c8ece0f676259b9a1b4588d0878a6ba506374b2f36ca315e3009db849f96d1",
  "address": "0x9AF6c92519ddaa4f7A214819A4AD2d7D83f3F9a6",
  "topics": [
    "0x06eb3f7a2b58a517c40c1539f9de85335dd3f9e280a321c951b744d99582778b"
  ],
  "data": "0x0000000000000000000000002e90c9d96eb748bf30167874527459d77b39275f0000000000000000000000000000000000000000000000000de0b6b3a7640000c5d2460186f7233c927e7db2dcc703c0e500b653ca82273b7bfad8045d85a47000000000000000000000000000000000000000000000000000000000000000000000000000000000000000000000000000000000000000000000000000000539bd2177f08c41d02384dc6e1ba3d7b162463a156aca3e2021e38d4f655c21f5c2",
  "logIndex": 0,
  "blockHash": "0x1f04597d3f2e4676103f2d777031854264c38b02bf4a958ddb7f3c3b30407955",
  "args": [
    "0x2E90c9d96Eb748BF30167874527459d77B39275F",
    {
      "type": "BigNumber",
      "hex": "0x0de0b6b3a7640000"
    },
    "0xc5d2460186f7233c927e7db2dcc703c0e500b653ca82273b7bfad8045d85a470",
    {
      "type": "BigNumber",
      "hex": "0x00"
    },
    {
      "type": "BigNumber",
      "hex": "0x0539"
    },
    "0xbd2177f08c41d02384dc6e1ba3d7b162463a156aca3e2021e38d4f655c21f5c2"
  ],
  "event": "EncodeTransactionData",
  "eventSignature": "EncodeTransactionData(address,uint256,bytes32,uint256,uint256,bytes32)"
}
2024-10-13 21:47:04 [info]: signers.length = 6
2024-10-13 21:47:04 [info]: 合约的实例，成功拿到！
2024-10-13 21:47:05 [info]: {
  "transactionIndex": 0,
  "blockNumber": 174,
  "transactionHash": "0x9f38759bf6d64c53a683128aade26facb194b421536a43eb06399a471f3e5f22",
  "address": "0x9AF6c92519ddaa4f7A214819A4AD2d7D83f3F9a6",
  "topics": [
    "0x06eb3f7a2b58a517c40c1539f9de85335dd3f9e280a321c951b744d99582778b"
  ],
  "data": "0x0000000000000000000000002e90c9d96eb748bf30167874527459d77b39275f0000000000000000000000000000000000000000000000000de0b6b3a7640000c5d2460186f7233c927e7db2dcc703c0e500b653ca82273b7bfad8045d85a47000000000000000000000000000000000000000000000000000000000000000000000000000000000000000000000000000000000000000000000000000000539bd2177f08c41d02384dc6e1ba3d7b162463a156aca3e2021e38d4f655c21f5c2",
  "logIndex": 0,
  "blockHash": "0xbb615aaa0e7a4109a00d29d294975d7d934ef0afd748a5a16df4cafad6ce4569",
  "args": [
    "0x2E90c9d96Eb748BF30167874527459d77B39275F",
    {
      "type": "BigNumber",
      "hex": "0x0de0b6b3a7640000"
    },
    "0xc5d2460186f7233c927e7db2dcc703c0e500b653ca82273b7bfad8045d85a470",
    {
      "type": "BigNumber",
      "hex": "0x00"
    },
    {
      "type": "BigNumber",
      "hex": "0x0539"
    },
    "0xbd2177f08c41d02384dc6e1ba3d7b162463a156aca3e2021e38d4f655c21f5c2"
  ],
  "event": "EncodeTransactionData",
  "eventSignature": "EncodeTransactionData(address,uint256,bytes32,uint256,uint256,bytes32)"
}
2024-10-13 21:47:19 [info]: signers.length = 6
2024-10-13 21:47:19 [info]: 合约的实例，成功拿到！
2024-10-13 21:47:19 [info]: {
  "transactionIndex": 0,
  "blockNumber": 175,
  "transactionHash": "0x467fd887927c112e08d272cd61e7361d4ae90620bab6d82e35e42cb3f24ec453",
  "address": "0x9AF6c92519ddaa4f7A214819A4AD2d7D83f3F9a6",
  "topics": [
    "0x06eb3f7a2b58a517c40c1539f9de85335dd3f9e280a321c951b744d99582778b"
  ],
  "data": "0x0000000000000000000000002e90c9d96eb748bf30167874527459d77b39275f0000000000000000000000000000000000000000000000000de0b6b3a7640000c5d2460186f7233c927e7db2dcc703c0e500b653ca82273b7bfad8045d85a47000000000000000000000000000000000000000000000000000000000000000000000000000000000000000000000000000000000000000000000000000000539bd2177f08c41d02384dc6e1ba3d7b162463a156aca3e2021e38d4f655c21f5c2",
  "logIndex": 0,
  "blockHash": "0xa60865a8ecb02c111a849a2813be4381f8e0b84e0ef9e64a86c4d2bebb1e0ae6",
  "args": [
    "0x2E90c9d96Eb748BF30167874527459d77B39275F",
    {
      "type": "BigNumber",
      "hex": "0x0de0b6b3a7640000"
    },
    "0xc5d2460186f7233c927e7db2dcc703c0e500b653ca82273b7bfad8045d85a470",
    {
      "type": "BigNumber",
      "hex": "0x00"
    },
    {
      "type": "BigNumber",
      "hex": "0x0539"
    },
    "0xbd2177f08c41d02384dc6e1ba3d7b162463a156aca3e2021e38d4f655c21f5c2"
  ],
  "event": "EncodeTransactionData",
  "eventSignature": "EncodeTransactionData(address,uint256,bytes32,uint256,uint256,bytes32)"
}
2024-10-13 21:53:39 [info]: signers.length = 6
2024-10-13 21:54:55 [info]: signers.length = 6
2024-10-13 21:54:55 [info]: 合约的实例，成功拿到！
2024-10-13 21:54:55 [info]: {
  "transactionIndex": 0,
  "blockNumber": 176,
  "transactionHash": "0x376959ecb3898b3cb986d862bc66130e40cb56560ad36cac9551449fcf435b60",
  "address": "0x9AF6c92519ddaa4f7A214819A4AD2d7D83f3F9a6",
  "topics": [
    "0x06eb3f7a2b58a517c40c1539f9de85335dd3f9e280a321c951b744d99582778b"
  ],
  "data": "0x0000000000000000000000002e90c9d96eb748bf30167874527459d77b39275f0000000000000000000000000000000000000000000000000de0b6b3a764000056570de287d73cd1cb6092bb8fdee6173974955fdef345ae579ee9f475ea743200000000000000000000000000000000000000000000000000000000000000000000000000000000000000000000000000000000000000000000000000000539b9bf6b79c5b31913f7ce38472e08d794b8077813b1fc1ce2f8b03707f0ea61f2",
  "logIndex": 0,
  "blockHash": "0x38c3514e5e75554d396052eaa146183a0cb1fd9301b2ad2522963a788e5cbb1a",
  "args": [
    "0x2E90c9d96Eb748BF30167874527459d77B39275F",
    {
      "type": "BigNumber",
      "hex": "0x0de0b6b3a7640000"
    },
    "0x56570de287d73cd1cb6092bb8fdee6173974955fdef345ae579ee9f475ea7432",
    {
      "type": "BigNumber",
      "hex": "0x00"
    },
    {
      "type": "BigNumber",
      "hex": "0x0539"
    },
    "0xb9bf6b79c5b31913f7ce38472e08d794b8077813b1fc1ce2f8b03707f0ea61f2"
  ],
  "event": "EncodeTransactionData",
  "eventSignature": "EncodeTransactionData(address,uint256,bytes32,uint256,uint256,bytes32)"
}
2024-10-13 21:58:32 [info]: signers.length = 6
2024-10-13 21:58:32 [info]: 合约的实例，成功拿到！
2024-10-13 21:58:32 [info]: {
  "transactionIndex": 0,
  "blockNumber": 177,
  "transactionHash": "0x601d7295093023143d692978170a741ff40422b29d384bf393b5636dd7efce57",
  "address": "0x9AF6c92519ddaa4f7A214819A4AD2d7D83f3F9a6",
  "topics": [
    "0x06eb3f7a2b58a517c40c1539f9de85335dd3f9e280a321c951b744d99582778b"
  ],
  "data": "0x0000000000000000000000002e90c9d96eb748bf30167874527459d77b39275f0000000000000000000000000000000000000000000000000de0b6b3a764000056570de287d73cd1cb6092bb8fdee6173974955fdef345ae579ee9f475ea743200000000000000000000000000000000000000000000000000000000000000000000000000000000000000000000000000000000000000000000000000000539b9bf6b79c5b31913f7ce38472e08d794b8077813b1fc1ce2f8b03707f0ea61f2",
  "logIndex": 0,
  "blockHash": "0x6837ebbc6be1d972515a60fc15c19dcf5815cc149c5e2afd0fc52a275f9a1541",
  "args": [
    "0x2E90c9d96Eb748BF30167874527459d77B39275F",
    {
      "type": "BigNumber",
      "hex": "0x0de0b6b3a7640000"
    },
    "0x56570de287d73cd1cb6092bb8fdee6173974955fdef345ae579ee9f475ea7432",
    {
      "type": "BigNumber",
      "hex": "0x00"
    },
    {
      "type": "BigNumber",
      "hex": "0x0539"
    },
    "0xb9bf6b79c5b31913f7ce38472e08d794b8077813b1fc1ce2f8b03707f0ea61f2"
  ],
  "event": "EncodeTransactionData",
  "eventSignature": "EncodeTransactionData(address,uint256,bytes32,uint256,uint256,bytes32)"
}
2024-10-13 22:02:30 [info]: signers.length = 6
2024-10-13 22:02:30 [info]: 合约的实例，成功拿到！
2024-10-13 22:02:31 [info]: {
  "transactionIndex": 0,
  "blockNumber": 178,
  "transactionHash": "0xb02d37656f61ba8c1727c4ebc011210db2866b87ccaa174ae241fd2fa3c31042",
  "address": "0x9AF6c92519ddaa4f7A214819A4AD2d7D83f3F9a6",
  "topics": [
    "0x06eb3f7a2b58a517c40c1539f9de85335dd3f9e280a321c951b744d99582778b"
  ],
  "data": "0x0000000000000000000000002e90c9d96eb748bf30167874527459d77b39275f0000000000000000000000000000000000000000000000000de0b6b3a764000056570de287d73cd1cb6092bb8fdee6173974955fdef345ae579ee9f475ea743200000000000000000000000000000000000000000000000000000000000000000000000000000000000000000000000000000000000000000000000000000539b9bf6b79c5b31913f7ce38472e08d794b8077813b1fc1ce2f8b03707f0ea61f2",
  "logIndex": 0,
  "blockHash": "0x89f50d492b385c3fa24eccbdf7830e28c4497ec8d2893315c56171033104b40b",
  "args": [
    "0x2E90c9d96Eb748BF30167874527459d77B39275F",
    {
      "type": "BigNumber",
      "hex": "0x0de0b6b3a7640000"
    },
    "0x56570de287d73cd1cb6092bb8fdee6173974955fdef345ae579ee9f475ea7432",
    {
      "type": "BigNumber",
      "hex": "0x00"
    },
    {
      "type": "BigNumber",
      "hex": "0x0539"
    },
    "0xb9bf6b79c5b31913f7ce38472e08d794b8077813b1fc1ce2f8b03707f0ea61f2"
  ],
  "event": "EncodeTransactionData",
  "eventSignature": "EncodeTransactionData(address,uint256,bytes32,uint256,uint256,bytes32)"
}
2024-10-13 23:02:55 [info]: Total accounts available: 6
2024-10-13 23:02:55 [info]: Deploying contracts with the account: 0x352307e6d885976D25B780f2af1F519084F6b2E7
2024-10-13 23:02:55 [info]: Contract deployed to: 0xF489599A42C8DeFe4F99B63fc5f86E809ECb45de
2024-10-13 23:03:27 [info]: signers.length = 6
2024-10-13 23:03:27 [info]: 合约的实例，成功拿到！
2024-10-13 23:03:27 [info]: {
  "transactionIndex": 0,
  "blockNumber": 180,
  "transactionHash": "0x082c71bb50061afad98d3e1a4e84c0b793f5779e53c59d8714370e3fbca6720c",
  "address": "0xF489599A42C8DeFe4F99B63fc5f86E809ECb45de",
  "topics": [
    "0x06eb3f7a2b58a517c40c1539f9de85335dd3f9e280a321c951b744d99582778b"
  ],
  "data": "0x0000000000000000000000002e90c9d96eb748bf30167874527459d77b39275f0000000000000000000000000000000000000000000000000de0b6b3a764000056570de287d73cd1cb6092bb8fdee6173974955fdef345ae579ee9f475ea7432000000000000000000000000000000000000000000000000000000000000000000000000000000000000000000000000000000000000000000000000000005392726f0f7e496b49cf94c05a8f6126fcb418160621d142fede145977c5616759f",
  "logIndex": 0,
  "blockHash": "0x768423388e6abc59cf98070cc04f565a23de3918f0ad22aecca30fcf8575bf15",
  "args": [
    "0x2E90c9d96Eb748BF30167874527459d77B39275F",
    {
      "type": "BigNumber",
      "hex": "0x0de0b6b3a7640000"
    },
    "0x56570de287d73cd1cb6092bb8fdee6173974955fdef345ae579ee9f475ea7432",
    {
      "type": "BigNumber",
      "hex": "0x00"
    },
    {
      "type": "BigNumber",
      "hex": "0x0539"
    },
    "0x2726f0f7e496b49cf94c05a8f6126fcb418160621d142fede145977c5616759f"
  ],
  "event": "EncodeTransactionData",
  "eventSignature": "EncodeTransactionData(address,uint256,bytes32,uint256,uint256,bytes32)"
}
2024-10-13 23:03:55 [info]: signers.length = 6
2024-10-13 23:04:45 [info]: signers.length = 6
2024-10-13 23:04:45 [info]: 合约的实例，成功拿到！
2024-10-13 23:04:45 [info]: {
  "transactionIndex": 0,
  "blockNumber": 181,
  "transactionHash": "0x4132874b8dde6d552242a02bdcc672d2ca668a9db5b6c1ec106d4ba22e001e2c",
  "address": "0xF489599A42C8DeFe4F99B63fc5f86E809ECb45de",
  "topics": [
    "0x06eb3f7a2b58a517c40c1539f9de85335dd3f9e280a321c951b744d99582778b"
  ],
  "data": "0x0000000000000000000000002e90c9d96eb748bf30167874527459d77b39275f0000000000000000000000000000000000000000000000000de0b6b3a7640000c5d2460186f7233c927e7db2dcc703c0e500b653ca82273b7bfad8045d85a47000000000000000000000000000000000000000000000000000000000000000000000000000000000000000000000000000000000000000000000000000000539c8386b3081481e766fd229d75ecfa902b9bd3fe7438f0dab4d22ad2490fb3d64",
  "logIndex": 0,
  "blockHash": "0x2b03c4880bf1030c12a387eff487c6943ba61289abde0ab4f52fa078e92f5f85",
  "args": [
    "0x2E90c9d96Eb748BF30167874527459d77B39275F",
    {
      "type": "BigNumber",
      "hex": "0x0de0b6b3a7640000"
    },
    "0xc5d2460186f7233c927e7db2dcc703c0e500b653ca82273b7bfad8045d85a470",
    {
      "type": "BigNumber",
      "hex": "0x00"
    },
    {
      "type": "BigNumber",
      "hex": "0x0539"
    },
    "0xc8386b3081481e766fd229d75ecfa902b9bd3fe7438f0dab4d22ad2490fb3d64"
  ],
  "event": "EncodeTransactionData",
  "eventSignature": "EncodeTransactionData(address,uint256,bytes32,uint256,uint256,bytes32)"
}
2024-10-13 23:05:03 [info]: signers.length = 6
2024-10-13 23:05:19 [info]: signers.length = 6
2024-10-13 23:05:47 [info]: signers.length = 6
2024-10-13 23:07:05 [info]: signers.length = 6
2024-10-13 23:07:31 [info]: signers.length = 6
2024-10-13 23:09:45 [info]: signers.length = 6
2024-10-13 23:09:45 [info]: 合约的实例，成功拿到！
2024-10-13 23:09:45 [info]: contract.execTransaction 准备
2024-10-13 23:09:45 [info]: contract.execTransaction 完毕
2024-10-13 23:09:45 [info]: {
  "transactionIndex": 0,
  "blockNumber": 182,
  "transactionHash": "0xdab205f27e572456c9a1f94254485e8a8646153c9f6b2d0e1b79a12c81820461",
  "address": "0xF489599A42C8DeFe4F99B63fc5f86E809ECb45de",
  "topics": [
    "0x06eb3f7a2b58a517c40c1539f9de85335dd3f9e280a321c951b744d99582778b"
  ],
  "data": "0x0000000000000000000000002e90c9d96eb748bf30167874527459d77b39275f0000000000000000000000000000000000000000000000000de0b6b3a7640000c5d2460186f7233c927e7db2dcc703c0e500b653ca82273b7bfad8045d85a47000000000000000000000000000000000000000000000000000000000000000000000000000000000000000000000000000000000000000000000000000000539c8386b3081481e766fd229d75ecfa902b9bd3fe7438f0dab4d22ad2490fb3d64",
  "logIndex": 0,
  "blockHash": "0xbce64b5deb64a05d3d45e15306e40b6a36e345bf869a6e393e1860c577b1a2ad",
  "args": [
    "0x2E90c9d96Eb748BF30167874527459d77B39275F",
    {
      "type": "BigNumber",
      "hex": "0x0de0b6b3a7640000"
    },
    "0xc5d2460186f7233c927e7db2dcc703c0e500b653ca82273b7bfad8045d85a470",
    {
      "type": "BigNumber",
      "hex": "0x00"
    },
    {
      "type": "BigNumber",
      "hex": "0x0539"
    },
    "0xc8386b3081481e766fd229d75ecfa902b9bd3fe7438f0dab4d22ad2490fb3d64"
  ],
  "event": "EncodeTransactionData",
  "eventSignature": "EncodeTransactionData(address,uint256,bytes32,uint256,uint256,bytes32)"
}
2024-10-13 23:26:19 [info]: Total accounts available: 6
2024-10-13 23:26:19 [info]: Deploying contracts with the account: 0x352307e6d885976D25B780f2af1F519084F6b2E7
2024-10-13 23:26:19 [info]: Contract deployed to: 0x1e1daBd774d4376E0126164FBA8B59534C3e5eF9
2024-10-13 23:27:37 [info]: signers.length = 6
2024-10-13 23:27:56 [info]: signers.length = 6
2024-10-13 23:30:53 [info]: Total accounts available: 6
2024-10-13 23:30:53 [info]: Deploying contracts with the account: 0x352307e6d885976D25B780f2af1F519084F6b2E7
2024-10-13 23:30:53 [info]: Contract deployed to: 0x2F08F117E3D20c5776d26c1bce7A8ee746F9628B
2024-10-13 23:31:03 [info]: signers.length = 6
2024-10-13 23:31:37 [info]: signers.length = 6
2024-10-13 23:31:37 [info]: 合约的实例，成功拿到！
2024-10-13 23:31:37 [info]: contract.execTransaction 准备
2024-10-13 23:31:37 [info]: contract.execTransaction 完毕
2024-10-13 23:31:37 [info]: {
  "transactionIndex": 0,
  "blockNumber": 185,
  "transactionHash": "0xd225a6593d27668fdf5fef4c8eead06320397804c04768f4431ebbe282df21f8",
  "address": "0x1e1daBd774d4376E0126164FBA8B59534C3e5eF9",
  "topics": [
    "0x06eb3f7a2b58a517c40c1539f9de85335dd3f9e280a321c951b744d99582778b"
  ],
  "data": "0x0000000000000000000000002e90c9d96eb748bf30167874527459d77b39275f0000000000000000000000000000000000000000000000000de0b6b3a7640000c5d2460186f7233c927e7db2dcc703c0e500b653ca82273b7bfad8045d85a47000000000000000000000000000000000000000000000000000000000000000000000000000000000000000000000000000000000000000000000000000000539c8386b3081481e766fd229d75ecfa902b9bd3fe7438f0dab4d22ad2490fb3d64",
  "logIndex": 0,
  "blockHash": "0x34c77970b4951acb3bc9ee80fc3081c3a1f51a25607659f17c3354e464f07c1b",
  "args": [
    "0x2E90c9d96Eb748BF30167874527459d77B39275F",
    {
      "type": "BigNumber",
      "hex": "0x0de0b6b3a7640000"
    },
    "0xc5d2460186f7233c927e7db2dcc703c0e500b653ca82273b7bfad8045d85a470",
    {
      "type": "BigNumber",
      "hex": "0x00"
    },
    {
      "type": "BigNumber",
      "hex": "0x0539"
    },
    "0xc8386b3081481e766fd229d75ecfa902b9bd3fe7438f0dab4d22ad2490fb3d64"
  ],
  "event": "EncodeTransactionData",
  "eventSignature": "EncodeTransactionData(address,uint256,bytes32,uint256,uint256,bytes32)"
}
2024-10-13 23:36:18 [info]: Total accounts available: 6
2024-10-13 23:36:18 [info]: Deploying contracts with the account: 0x352307e6d885976D25B780f2af1F519084F6b2E7
2024-10-13 23:36:18 [info]: Contract deployed to: 0xFD1ad270fBD620107493A5DcE4CC543C121bD7d7
2024-10-13 23:37:12 [info]: signers.length = 6
2024-10-13 23:37:12 [info]: 合约的实例，成功拿到！
2024-10-13 23:37:12 [info]: {
  "transactionIndex": 0,
  "blockNumber": 187,
  "transactionHash": "0x7d64e2442401e23c25f4b56be811990772fdb876ac87cf399d338638468869e7",
  "address": "0xFD1ad270fBD620107493A5DcE4CC543C121bD7d7",
  "topics": [
    "0x06eb3f7a2b58a517c40c1539f9de85335dd3f9e280a321c951b744d99582778b"
  ],
  "data": "0x0000000000000000000000002e90c9d96eb748bf30167874527459d77b39275f0000000000000000000000000000000000000000000000000de0b6b3a7640000c5d2460186f7233c927e7db2dcc703c0e500b653ca82273b7bfad8045d85a47000000000000000000000000000000000000000000000000000000000000000000000000000000000000000000000000000000000000000000000000000000539c8386b3081481e766fd229d75ecfa902b9bd3fe7438f0dab4d22ad2490fb3d64",
  "logIndex": 0,
  "blockHash": "0x06264dca61e3d5dff76e9b16c2dfb1f18efea0c5320e6e86d86350911cba2bc2",
  "args": [
    "0x2E90c9d96Eb748BF30167874527459d77B39275F",
    {
      "type": "BigNumber",
      "hex": "0x0de0b6b3a7640000"
    },
    "0xc5d2460186f7233c927e7db2dcc703c0e500b653ca82273b7bfad8045d85a470",
    {
      "type": "BigNumber",
      "hex": "0x00"
    },
    {
      "type": "BigNumber",
      "hex": "0x0539"
    },
    "0xc8386b3081481e766fd229d75ecfa902b9bd3fe7438f0dab4d22ad2490fb3d64"
  ],
  "event": "EncodeTransactionData",
  "eventSignature": "EncodeTransactionData(address,uint256,bytes32,uint256,uint256,bytes32)"
}
2024-10-13 23:37:36 [info]: signers.length = 6
2024-10-13 23:37:58 [info]: signers.length = 6
2024-10-13 23:38:16 [info]: signers.length = 6
2024-10-13 23:38:36 [info]: signers.length = 6
2024-10-13 23:38:36 [info]: 合约的实例，成功拿到！
2024-10-13 23:38:36 [info]: contract.execTransaction 准备
2024-10-13 23:38:36 [info]: contract.execTransaction 完毕
2024-10-13 23:38:36 [info]: {
  "transactionIndex": 0,
  "blockNumber": 188,
  "transactionHash": "0x86c4f8fdb6ce3889e816238a340ed10f7540b6a40bd6ce60ed81af811831e0e6",
  "address": "0xFD1ad270fBD620107493A5DcE4CC543C121bD7d7",
  "topics": [
    "0x06eb3f7a2b58a517c40c1539f9de85335dd3f9e280a321c951b744d99582778b"
  ],
  "data": "0x0000000000000000000000002e90c9d96eb748bf30167874527459d77b39275f0000000000000000000000000000000000000000000000000de0b6b3a7640000c5d2460186f7233c927e7db2dcc703c0e500b653ca82273b7bfad8045d85a47000000000000000000000000000000000000000000000000000000000000000000000000000000000000000000000000000000000000000000000000000000539c8386b3081481e766fd229d75ecfa902b9bd3fe7438f0dab4d22ad2490fb3d64",
  "logIndex": 0,
  "blockHash": "0x16fd17e8c93e6eef8cffd79167f8a4cfb3d014ed25f7fea68b3a9b38f95db727",
  "args": [
    "0x2E90c9d96Eb748BF30167874527459d77B39275F",
    {
      "type": "BigNumber",
      "hex": "0x0de0b6b3a7640000"
    },
    "0xc5d2460186f7233c927e7db2dcc703c0e500b653ca82273b7bfad8045d85a470",
    {
      "type": "BigNumber",
      "hex": "0x00"
    },
    {
      "type": "BigNumber",
      "hex": "0x0539"
    },
    "0xc8386b3081481e766fd229d75ecfa902b9bd3fe7438f0dab4d22ad2490fb3d64"
  ],
  "event": "EncodeTransactionData",
  "eventSignature": "EncodeTransactionData(address,uint256,bytes32,uint256,uint256,bytes32)"
}
2024-10-13 23:39:57 [info]: Total accounts available: 6
2024-10-13 23:39:57 [info]: Deploying contracts with the account: 0x352307e6d885976D25B780f2af1F519084F6b2E7
2024-10-13 23:39:57 [info]: Contract deployed to: 0x3087fAF7460790a321A91637afCc6098125810A2
2024-10-13 23:41:47 [info]: Total accounts available: 6
2024-10-13 23:41:47 [info]: Deploying contracts with the account: 0x352307e6d885976D25B780f2af1F519084F6b2E7
2024-10-13 23:41:47 [info]: Contract deployed to: 0xF2904Ecb4151883E19602bc0270BB2f7a33bEA44
2024-10-13 23:41:54 [info]: signers.length = 6
2024-10-13 23:41:54 [info]: 合约的实例，成功拿到！
2024-10-13 23:41:54 [info]: {
  "transactionIndex": 0,
  "blockNumber": 191,
  "transactionHash": "0x2d9b4455f2f21e670acde9373082429263b06f3bdddf43185a507c94f3eee679",
  "address": "0x3087fAF7460790a321A91637afCc6098125810A2",
  "topics": [
    "0x06eb3f7a2b58a517c40c1539f9de85335dd3f9e280a321c951b744d99582778b"
  ],
  "data": "0x0000000000000000000000002e90c9d96eb748bf30167874527459d77b39275f0000000000000000000000000000000000000000000000004563918244f40000c5d2460186f7233c927e7db2dcc703c0e500b653ca82273b7bfad8045d85a4700000000000000000000000000000000000000000000000000000000000000000000000000000000000000000000000000000000000000000000000000000053906e8d6489ebe8da801902827860738ab5dfab77d7dd6ab9ec301e220e4eccc9c",
  "logIndex": 0,
  "blockHash": "0xfb433ee5d023ddd2da8cef148a451aa3cc26ffb449d76c40a50d35284dcea7f2",
  "args": [
    "0x2E90c9d96Eb748BF30167874527459d77B39275F",
    {
      "type": "BigNumber",
      "hex": "0x4563918244f40000"
    },
    "0xc5d2460186f7233c927e7db2dcc703c0e500b653ca82273b7bfad8045d85a470",
    {
      "type": "BigNumber",
      "hex": "0x00"
    },
    {
      "type": "BigNumber",
      "hex": "0x0539"
    },
    "0x06e8d6489ebe8da801902827860738ab5dfab77d7dd6ab9ec301e220e4eccc9c"
  ],
  "event": "EncodeTransactionData",
  "eventSignature": "EncodeTransactionData(address,uint256,bytes32,uint256,uint256,bytes32)"
}
2024-10-13 23:43:42 [info]: signers.length = 6
2024-10-13 23:43:42 [info]: 合约的实例，成功拿到！
2024-10-13 23:43:42 [info]: {
  "transactionIndex": 0,
  "blockNumber": 192,
  "transactionHash": "0x6d3b1b2ed5458a9ea1f87ad91d29f89feadbabe622fa451224778758b06129a7",
  "address": "0x3087fAF7460790a321A91637afCc6098125810A2",
  "topics": [
    "0x06eb3f7a2b58a517c40c1539f9de85335dd3f9e280a321c951b744d99582778b"
  ],
  "data": "0x0000000000000000000000002e90c9d96eb748bf30167874527459d77b39275f0000000000000000000000000000000000000000000000004563918244f40000c5d2460186f7233c927e7db2dcc703c0e500b653ca82273b7bfad8045d85a4700000000000000000000000000000000000000000000000000000000000000000000000000000000000000000000000000000000000000000000000000000053906e8d6489ebe8da801902827860738ab5dfab77d7dd6ab9ec301e220e4eccc9c",
  "logIndex": 0,
  "blockHash": "0x045247d81223fce1fab93b7af7309381808174dce5e216319a3f9a24f028b1ec",
  "args": [
    "0x2E90c9d96Eb748BF30167874527459d77B39275F",
    {
      "type": "BigNumber",
      "hex": "0x4563918244f40000"
    },
    "0xc5d2460186f7233c927e7db2dcc703c0e500b653ca82273b7bfad8045d85a470",
    {
      "type": "BigNumber",
      "hex": "0x00"
    },
    {
      "type": "BigNumber",
      "hex": "0x0539"
    },
    "0x06e8d6489ebe8da801902827860738ab5dfab77d7dd6ab9ec301e220e4eccc9c"
  ],
  "event": "EncodeTransactionData",
  "eventSignature": "EncodeTransactionData(address,uint256,bytes32,uint256,uint256,bytes32)"
}
2024-10-13 23:44:44 [info]: signers.length = 6
2024-10-13 23:45:09 [info]: signers.length = 6
2024-10-13 23:45:42 [info]: signers.length = 6
2024-10-13 23:46:00 [info]: signers.length = 6
2024-10-13 23:46:00 [info]: 合约的实例，成功拿到！
2024-10-13 23:46:00 [info]: contract.execTransaction 准备
2024-10-13 23:46:00 [info]: contract.execTransaction 完毕
2024-10-13 23:46:00 [info]: {
  "transactionIndex": 0,
  "blockNumber": 193,
  "transactionHash": "0xaf6bf1e996ba66a44027863de1d5fcae6b8bf7e4a62bf9b9118b14d14a30934a",
  "address": "0x3087fAF7460790a321A91637afCc6098125810A2",
  "topics": [
    "0x06eb3f7a2b58a517c40c1539f9de85335dd3f9e280a321c951b744d99582778b"
  ],
  "data": "0x0000000000000000000000002e90c9d96eb748bf30167874527459d77b39275f0000000000000000000000000000000000000000000000000de0b6b3a7640000c5d2460186f7233c927e7db2dcc703c0e500b653ca82273b7bfad8045d85a47000000000000000000000000000000000000000000000000000000000000000000000000000000000000000000000000000000000000000000000000000000539c8386b3081481e766fd229d75ecfa902b9bd3fe7438f0dab4d22ad2490fb3d64",
  "logIndex": 0,
  "blockHash": "0x15420749bc068af99d517dff022a6b12388f7f9745a5dc82ec07e28614635dec",
  "args": [
    "0x2E90c9d96Eb748BF30167874527459d77B39275F",
    {
      "type": "BigNumber",
      "hex": "0x0de0b6b3a7640000"
    },
    "0xc5d2460186f7233c927e7db2dcc703c0e500b653ca82273b7bfad8045d85a470",
    {
      "type": "BigNumber",
      "hex": "0x00"
    },
    {
      "type": "BigNumber",
      "hex": "0x0539"
    },
    "0xc8386b3081481e766fd229d75ecfa902b9bd3fe7438f0dab4d22ad2490fb3d64"
  ],
  "event": "EncodeTransactionData",
  "eventSignature": "EncodeTransactionData(address,uint256,bytes32,uint256,uint256,bytes32)"
}
2024-10-13 23:46:38 [info]: signers.length = 6
2024-10-13 23:46:38 [info]: 合约的实例，成功拿到！
2024-10-13 23:46:38 [info]: contract.execTransaction 准备
2024-10-13 23:46:39 [info]: contract.execTransaction 完毕
2024-10-13 23:46:39 [info]: {
  "transactionIndex": 0,
  "blockNumber": 194,
  "transactionHash": "0xb9111194927c7db962ace4039a5efa2ed1de83bc23829128a472a921d57e97c9",
  "address": "0x3087fAF7460790a321A91637afCc6098125810A2",
  "topics": [
    "0x06eb3f7a2b58a517c40c1539f9de85335dd3f9e280a321c951b744d99582778b"
  ],
  "data": "0x0000000000000000000000002e90c9d96eb748bf30167874527459d77b39275f0000000000000000000000000000000000000000000000004563918244f40000c5d2460186f7233c927e7db2dcc703c0e500b653ca82273b7bfad8045d85a4700000000000000000000000000000000000000000000000000000000000000000000000000000000000000000000000000000000000000000000000000000053906e8d6489ebe8da801902827860738ab5dfab77d7dd6ab9ec301e220e4eccc9c",
  "logIndex": 0,
  "blockHash": "0x9a8586c082632af94f2293ff98797ac1af5a7f6767461ee2623a020613ecea22",
  "args": [
    "0x2E90c9d96Eb748BF30167874527459d77B39275F",
    {
      "type": "BigNumber",
      "hex": "0x4563918244f40000"
    },
    "0xc5d2460186f7233c927e7db2dcc703c0e500b653ca82273b7bfad8045d85a470",
    {
      "type": "BigNumber",
      "hex": "0x00"
    },
    {
      "type": "BigNumber",
      "hex": "0x0539"
    },
    "0x06e8d6489ebe8da801902827860738ab5dfab77d7dd6ab9ec301e220e4eccc9c"
  ],
  "event": "EncodeTransactionData",
  "eventSignature": "EncodeTransactionData(address,uint256,bytes32,uint256,uint256,bytes32)"
}
2024-10-13 23:49:02 [info]: signers.length = 6
2024-10-13 23:49:02 [info]: 合约的实例，成功拿到！
2024-10-13 23:49:02 [info]: balance = 0
