2024-11-11 20:22:23 [info]: Deploying contracts with the account: 0xf39Fd6e51aad88F6F4ce6aB8827279cffFb92266
2024-11-11 20:23:06 [info]: Deploying contracts with the account: 0xf39Fd6e51aad88F6F4ce6aB8827279cffFb92266
2024-11-11 20:23:06 [info]: TestMerkleTree Contract deployed to: 0xe7f1725E7734CE288F8367e1Bb143E90bb3F0512
2024-11-11 20:39:22 [info]: 合约的实例，成功拿到，地址：0xe7f1725E7734CE288F8367e1Bb143E90bb3F0512
2024-11-11 20:45:09 [info]: 合约的实例，成功拿到，地址：0xe7f1725E7734CE288F8367e1Bb143E90bb3F0512
2024-11-11 20:45:26 [info]: 合约的实例，成功拿到，地址：0xe7f1725E7734CE288F8367e1Bb143E90bb3F0512
2024-11-11 20:46:39 [info]: 合约的实例，成功拿到，地址：0xe7f1725E7734CE288F8367e1Bb143E90bb3F0512
2024-11-11 20:49:13 [info]: 合约的实例，成功拿到，地址：0xe7f1725E7734CE288F8367e1Bb143E90bb3F0512
2024-11-11 20:49:57 [info]: 合约的实例，成功拿到，地址：0xe7f1725E7734CE288F8367e1Bb143E90bb3F0512
2024-11-11 20:51:00 [info]: 合约的实例，成功拿到，地址：0xe7f1725E7734CE288F8367e1Bb143E90bb3F0512
2024-11-11 20:55:05 [info]: Deploying contracts with the account: 0xf39Fd6e51aad88F6F4ce6aB8827279cffFb92266
2024-11-11 20:55:05 [info]: TestMerkleTree Contract deployed to: 0x9fE46736679d2D9a65F0992F2272dE9f3c7fa6e0
2024-11-11 20:56:25 [info]: 合约的实例，成功拿到，地址：0x9fE46736679d2D9a65F0992F2272dE9f3c7fa6e0
2024-11-11 21:07:44 [info]: Deploying contracts with the account: 0xf39Fd6e51aad88F6F4ce6aB8827279cffFb92266
2024-11-11 21:07:44 [info]: TestMerkleTree Contract deployed to: 0xCf7Ed3AccA5a467e9e704C703E8D87F634fB0Fc9
2024-11-11 21:10:46 [info]: Deploying contracts with the account: 0xf39Fd6e51aad88F6F4ce6aB8827279cffFb92266
2024-11-11 21:10:46 [info]: TestMerkleTree Contract deployed to: 0xDc64a140Aa3E981100a9becA4E685f962f0cF6C9
2024-11-11 21:12:36 [info]: 合约的实例，成功拿到，地址：0xDc64a140Aa3E981100a9becA4E685f962f0cF6C9
2024-11-11 21:12:36 [info]: verifyAddressInWhitelist：0x1111111111111111111111111111111111111111 -> true
2024-11-11 21:12:45 [info]: 合约的实例，成功拿到，地址：0xDc64a140Aa3E981100a9becA4E685f962f0cF6C9
2024-11-11 21:13:24 [info]: 合约的实例，成功拿到，地址：0xDc64a140Aa3E981100a9becA4E685f962f0cF6C9
2024-11-11 21:13:24 [info]: verifyAddressInWhitelist：0x1111111111111111111111111111111111111111 -> true
