2024-09-16T03:26:27.629Z [info]: Deploying contracts with the account:
2024-09-16T03:26:27.725Z [info]: Begin...
2024-09-16T03:26:27.778Z [info]: {
  "transactionIndex": 0,
  "blockNumber": 66,
  "transactionHash": "0x77796c77a46f98b5d6c814f70cae7285a6cbbb2b6845c42f659c405959d45fe2",
  "address": "0x358664161AE75d6DdeD31d9c5B9f6DF1d1755b1A",
  "topics": [
    "0x54288386b3d7dc83e39107a63fcfe9b6509fcab45186e55a108fafec01f6b386"
  ],
  "data": "0x0000000000000000000000000000000000000000000000000000000000000020000000000000000000000000000000000000000000000000000000000000000d48656c6c6f2c20576f726c642100000000000000000000000000000000000000",
  "logIndex": 0,
  "blockHash": "0x27bd6866bd25437f7c66920e2165a90d72ed1da8ac4a260d20c586a1af33d816",
  "args": [
    "Hello, World!"
  ],
  "event": "DoLog",
  "eventSignature": "DoLog(string)"
}
2024-09-16T03:26:27.834Z [info]: {
  "transactionIndex": 0,
  "blockNumber": 67,
  "transactionHash": "0x3788a5cbb82e88ece48d32490d2a165b4aa47837dd4f79ae73a1d4e5f390e4fb",
  "address": "0x358664161AE75d6DdeD31d9c5B9f6DF1d1755b1A",
  "topics": [
    "0x54288386b3d7dc83e39107a63fcfe9b6509fcab45186e55a108fafec01f6b386"
  ],
  "data": "0x0000000000000000000000000000000000000000000000000000000000000020000000000000000000000000000000000000000000000000000000000000001a7072696e74312829203d20e4bda0e5a5bdefbc8ce4b896e7958c000000000000",
  "logIndex": 0,
  "blockHash": "0xd06dbeac8e9107097713bdd2c7b0550f38bb58247c5c9fdd4f0e84bd11cbdf3d",
  "args": [
    "print1() = 你好，世界"
  ],
  "event": "DoLog",
  "eventSignature": "DoLog(string)"
}
2024-09-16T03:31:53.138Z [info]: Deploying contracts with the account:
2024-09-16T03:31:53.225Z [info]: Begin...
2024-09-16T03:31:53.272Z [info]: {
  "transactionIndex": 0,
  "blockNumber": 69,
  "transactionHash": "0x7d89602bdf4bd70d8a8f7df30e5085ade2998183632f469c41bc2e963723dd98",
  "address": "0x55961d29DF8FfABed3958FAd445aAb01597810cc",
  "topics": [
    "0x54288386b3d7dc83e39107a63fcfe9b6509fcab45186e55a108fafec01f6b386"
  ],
  "data": "0x0000000000000000000000000000000000000000000000000000000000000020000000000000000000000000000000000000000000000000000000000000000d48656c6c6f2c20576f726c642100000000000000000000000000000000000000",
  "logIndex": 0,
  "blockHash": "0xdc3ace223a3149e4a8d016b5d86548ee6eac2a4627514a4f6ccaae587984e035",
  "args": [
    "Hello, World!"
  ],
  "event": "DoLog",
  "eventSignature": "DoLog(string)"
}
2024-09-16T03:31:53.333Z [info]: {
  "transactionIndex": 0,
  "blockNumber": 70,
  "transactionHash": "0x0cd53b681988843ba1dbe8a2b34103c21649fd223ef8c55a74862708dae0e11c",
  "address": "0x55961d29DF8FfABed3958FAd445aAb01597810cc",
  "topics": [
    "0x54288386b3d7dc83e39107a63fcfe9b6509fcab45186e55a108fafec01f6b386"
  ],
  "data": "0x0000000000000000000000000000000000000000000000000000000000000020000000000000000000000000000000000000000000000000000000000000001a7072696e74312829203d20e4bda0e5a5bdefbc8ce4b896e7958c000000000000",
  "logIndex": 0,
  "blockHash": "0x1b5ef81d08b5f19b013dcb790798e68fdbb881c97c90ba66bc85a6490befd2cb",
  "args": [
    "print1() = 你好，世界"
  ],
  "event": "DoLog",
  "eventSignature": "DoLog(string)"
}
2024-09-16T04:04:18.500Z [info]: Deploying contracts with the account:
2024-09-16T04:04:18.570Z [info]: Begin...
2024-09-16T04:04:18.634Z [info]: {
  "transactionIndex": 0,
  "blockNumber": 72,
  "transactionHash": "0x5e4d5a31a364503760ef104cecae7ca17e153a21f5d58591ef1a70d8d467a093",
  "address": "0xdAe6dC6fdb06BF69A839dE6DEE6B35ad3EeAF3D0",
  "topics": [
    "0x54288386b3d7dc83e39107a63fcfe9b6509fcab45186e55a108fafec01f6b386"
  ],
  "data": "0x0000000000000000000000000000000000000000000000000000000000000020000000000000000000000000000000000000000000000000000000000000000d48656c6c6f2c20576f726c642100000000000000000000000000000000000000",
  "logIndex": 0,
  "blockHash": "0x46b58f9133af444142742b2171875bb0ce541bb2ee6b36a58d5a5de75420b5f7",
  "args": [
    "Hello, World!"
  ],
  "event": "DoLog",
  "eventSignature": "DoLog(string)"
}
2024-09-16T04:04:18.695Z [info]: {
  "transactionIndex": 0,
  "blockNumber": 73,
  "transactionHash": "0x316baad830eb4575c16bcf8b51cb0f8df188549dcfdb35f0731f73bbc10e44db",
  "address": "0xdAe6dC6fdb06BF69A839dE6DEE6B35ad3EeAF3D0",
  "topics": [
    "0x54288386b3d7dc83e39107a63fcfe9b6509fcab45186e55a108fafec01f6b386"
  ],
  "data": "0x0000000000000000000000000000000000000000000000000000000000000020000000000000000000000000000000000000000000000000000000000000001a7072696e74312829203d20e4bda0e5a5bdefbc8ce4b896e7958c000000000000",
  "logIndex": 0,
  "blockHash": "0xcb313493ce0a16ee35bd175f46715032c208893b6b6e71421a35d13fe75fa4a0",
  "args": [
    "print1() = 你好，世界"
  ],
  "event": "DoLog",
  "eventSignature": "DoLog(string)"
}
2024-09-16 12:07:42 [info]: Deploying contracts with the account:
2024-09-16 12:07:43 [info]: Begin...
2024-09-16 12:07:43 [info]: {
  "transactionIndex": 0,
  "blockNumber": 75,
  "transactionHash": "0x04044d93e055c4e8f99580160d712d5f4ace941b459d998ba3ae3aa43f5f797b",
  "address": "0xA71A7BB1a724E82c8C12c43e5Cd9D6556C8499a9",
  "topics": [
    "0x54288386b3d7dc83e39107a63fcfe9b6509fcab45186e55a108fafec01f6b386"
  ],
  "data": "0x0000000000000000000000000000000000000000000000000000000000000020000000000000000000000000000000000000000000000000000000000000000d48656c6c6f2c20576f726c642100000000000000000000000000000000000000",
  "logIndex": 0,
  "blockHash": "0xded0909066c9a2387895d5b9b8632a38da42db6440a17169a2e7ab552102590a",
  "args": [
    "Hello, World!"
  ],
  "event": "DoLog",
  "eventSignature": "DoLog(string)"
}
2024-09-16 12:07:43 [info]: {
  "transactionIndex": 0,
  "blockNumber": 76,
  "transactionHash": "0x768bff34a677f8daff6b43746d8bcf3c51c44d26bf05a9e9de822e880f2cd830",
  "address": "0xA71A7BB1a724E82c8C12c43e5Cd9D6556C8499a9",
  "topics": [
    "0x54288386b3d7dc83e39107a63fcfe9b6509fcab45186e55a108fafec01f6b386"
  ],
  "data": "0x0000000000000000000000000000000000000000000000000000000000000020000000000000000000000000000000000000000000000000000000000000001a7072696e74312829203d20e4bda0e5a5bdefbc8ce4b896e7958c000000000000",
  "logIndex": 0,
  "blockHash": "0xa1ff3b1ceb50f560aade6e866648b76e461c7cf70689c28a2eb38daa8a0d0c0f",
  "args": [
    "print1() = 你好，世界"
  ],
  "event": "DoLog",
  "eventSignature": "DoLog(string)"
}
