2024-12-11 10:46:42 [error]: hello
2024-12-11 10:46:42 [warn]: hello
2024-12-11 10:46:42 [info]: hello
2024-12-11 10:46:43 [info]: Deploying contracts with the account: 0xf39Fd6e51aad88F6F4ce6aB8827279cffFb92266
2024-12-11 10:46:44 [info]: Begin...
2024-12-11 10:46:44 [info]: {
  "transactionIndex": 0,
  "blockNumber": 2,
  "transactionHash": "0xb5a1395d37719c40708bcec992f6fcb5385957d14a4269e250c43ca4fa47a6ef",
  "address": "0x5FbDB2315678afecb367f032d93F642f64180aa3",
  "topics": [
    "0x54288386b3d7dc83e39107a63fcfe9b6509fcab45186e55a108fafec01f6b386"
  ],
  "data": "0x0000000000000000000000000000000000000000000000000000000000000020000000000000000000000000000000000000000000000000000000000000000d48656c6c6f2c20576f726c642100000000000000000000000000000000000000",
  "logIndex": 0,
  "blockHash": "0x957c1572eaa2dd1a00e01955967dcb9ce517f0c847e866a46098c30b37182aac",
  "args": [
    "Hello, World!"
  ],
  "event": "DoLog",
  "eventSignature": "DoLog(string)"
}
2024-12-11 10:46:44 [info]: {
  "transactionIndex": 0,
  "blockNumber": 3,
  "transactionHash": "0x718d74bf7011076022053197f3a47ea0d4528861b6f32993014cb0c46a2e1d6a",
  "address": "0x5FbDB2315678afecb367f032d93F642f64180aa3",
  "topics": [
    "0x54288386b3d7dc83e39107a63fcfe9b6509fcab45186e55a108fafec01f6b386"
  ],
  "data": "0x0000000000000000000000000000000000000000000000000000000000000020000000000000000000000000000000000000000000000000000000000000001b7072696e74312829203d20e4bda0e5a5bdefbc8ce4b896e7958c210000000000",
  "logIndex": 0,
  "blockHash": "0x26ed763d30469da5e82980e1f80504d7a728411854b47aaa1a67b53511638460",
  "args": [
    "print1() = 你好，世界!"
  ],
  "event": "DoLog",
  "eventSignature": "DoLog(string)"
}
2024-12-11 10:46:44 [info]: {
  "transactionIndex": 0,
  "blockNumber": 3,
  "transactionHash": "0x718d74bf7011076022053197f3a47ea0d4528861b6f32993014cb0c46a2e1d6a",
  "address": "0x5FbDB2315678afecb367f032d93F642f64180aa3",
  "topics": [
    "0xe9c2b866134e5c447bff1eef94a74c7d5417de37f002fb2317b178861a49472f"
  ],
  "data": "0x000000000000000000000000000000000000000000000000000000000000006000000000000000000000000000000000000000000000000000000000000025370000000000000000000000005fbdb2315678afecb367f032d93f642f64180aa3000000000000000000000000000000000000000000000000000000000000001b7072696e74312829203d20e4bda0e5a5bdefbc8ce4b896e7958c210000000000",
  "logIndex": 1,
  "blockHash": "0x26ed763d30469da5e82980e1f80504d7a728411854b47aaa1a67b53511638460",
  "args": [
    "print1() = 你好，世界!",
    {
      "type": "BigNumber",
      "hex": "0x2537"
    },
    "0x5FbDB2315678afecb367f032d93F642f64180aa3"
  ],
  "event": "DoLog2",
  "eventSignature": "DoLog2(string,uint256,address)"
}
2024-12-11 10:46:44 [info]: {
  "transactionIndex": 0,
  "blockNumber": 4,
  "transactionHash": "0x61b576778015c0c74448bd28ab08e2eef6889770841e53660b6a49264d7de3dc",
  "address": "0x5FbDB2315678afecb367f032d93F642f64180aa3",
  "topics": [
    "0x54288386b3d7dc83e39107a63fcfe9b6509fcab45186e55a108fafec01f6b386"
  ],
  "data": "0x0000000000000000000000000000000000000000000000000000000000000020000000000000000000000000000000000000000000000000000000000000001a7072696e74322829203d206e6968616fefbc8c7368696a696521000000000000",
  "logIndex": 0,
  "blockHash": "0x335d012d5fc76a3a6451bd75a10485291a5337f4bffa359e304f3120eda6fe60",
  "args": [
    "print2() = nihao，shijie!"
  ],
  "event": "DoLog",
  "eventSignature": "DoLog(string)"
}
2024-12-11 10:46:44 [info]: {
  "transactionIndex": 0,
  "blockNumber": 5,
  "transactionHash": "0xb837badc2f84c0397f94191e645289154ca802444fe20a859b7a2ea7f16a4dec",
  "address": "0x5FbDB2315678afecb367f032d93F642f64180aa3",
  "topics": [
    "0x317ba7a85994a032260935696ee363fc0e61b8e4d805c4b759ae524b9d1effa5"
  ],
  "data": "0x0000000000000000000000000000000000000000000000000000000000000001",
  "logIndex": 0,
  "blockHash": "0x9385074134bfc45d0af1c45d6a6ee50bb7aadf0412e2a98f53a33f4e912bf4e3",
  "args": [
    true
  ],
  "event": "DoLog3",
  "eventSignature": "DoLog3(bool)"
}
2024-12-11 10:47:25 [error]: hello
2024-12-11 10:47:25 [warn]: hello
2024-12-11 10:47:25 [info]: hello
2024-12-11 10:47:26 [info]: Deploying contracts with the account: 0xf39Fd6e51aad88F6F4ce6aB8827279cffFb92266
2024-12-11 10:48:56 [error]: hello
2024-12-11 10:48:56 [warn]: hello
2024-12-11 10:48:56 [info]: hello
2024-12-11 10:48:56 [info]: Deploying contracts with the account: 0xf39Fd6e51aad88F6F4ce6aB8827279cffFb92266
2024-12-11 10:48:56 [info]: Begin...
2024-12-11 10:48:56 [info]: {
  "transactionIndex": 0,
  "blockNumber": 7,
  "transactionHash": "0x698edf86b80768e5dd3c1aa41ef6135c9a7145ba6d6c4700472218c092b37be4",
  "address": "0x5FC8d32690cc91D4c39d9d3abcBD16989F875707",
  "topics": [
    "0x54288386b3d7dc83e39107a63fcfe9b6509fcab45186e55a108fafec01f6b386"
  ],
  "data": "0x0000000000000000000000000000000000000000000000000000000000000020000000000000000000000000000000000000000000000000000000000000000d48656c6c6f2c20576f726c642100000000000000000000000000000000000000",
  "logIndex": 0,
  "blockHash": "0x07d19081928ea55053c1834c05043d05f3258ae2f75b201a4bd63eec428a5af4",
  "args": [
    "Hello, World!"
  ],
  "event": "DoLog",
  "eventSignature": "DoLog(string)"
}
2024-12-11 10:48:56 [info]: {
  "transactionIndex": 0,
  "blockNumber": 8,
  "transactionHash": "0x129f1d5d12404a358dcc69f6eaab73dcd206cbb0a8654b951394a801421251ed",
  "address": "0x5FC8d32690cc91D4c39d9d3abcBD16989F875707",
  "topics": [
    "0x54288386b3d7dc83e39107a63fcfe9b6509fcab45186e55a108fafec01f6b386"
  ],
  "data": "0x0000000000000000000000000000000000000000000000000000000000000020000000000000000000000000000000000000000000000000000000000000001b7072696e74312829203d20e4bda0e5a5bdefbc8ce4b896e7958c210000000000",
  "logIndex": 0,
  "blockHash": "0x8131d9518b486d9b54a559b11666a3e064278c640efa80b0075c457be094200b",
  "args": [
    "print1() = 你好，世界!"
  ],
  "event": "DoLog",
  "eventSignature": "DoLog(string)"
}
2024-12-11 10:48:56 [info]: {
  "transactionIndex": 0,
  "blockNumber": 8,
  "transactionHash": "0x129f1d5d12404a358dcc69f6eaab73dcd206cbb0a8654b951394a801421251ed",
  "address": "0x5FC8d32690cc91D4c39d9d3abcBD16989F875707",
  "topics": [
    "0xe9c2b866134e5c447bff1eef94a74c7d5417de37f002fb2317b178861a49472f"
  ],
  "data": "0x000000000000000000000000000000000000000000000000000000000000006000000000000000000000000000000000000000000000000000000000000025370000000000000000000000005fc8d32690cc91d4c39d9d3abcbd16989f875707000000000000000000000000000000000000000000000000000000000000001b7072696e74312829203d20e4bda0e5a5bdefbc8ce4b896e7958c210000000000",
  "logIndex": 1,
  "blockHash": "0x8131d9518b486d9b54a559b11666a3e064278c640efa80b0075c457be094200b",
  "args": [
    "print1() = 你好，世界!",
    {
      "type": "BigNumber",
      "hex": "0x2537"
    },
    "0x5FC8d32690cc91D4c39d9d3abcBD16989F875707"
  ],
  "event": "DoLog2",
  "eventSignature": "DoLog2(string,uint256,address)"
}
2024-12-11 10:48:56 [info]: {
  "transactionIndex": 0,
  "blockNumber": 9,
  "transactionHash": "0xd00044b020ce1bd43c893580cf10f93037695379284b0443fad97c0aa34731a1",
  "address": "0x5FC8d32690cc91D4c39d9d3abcBD16989F875707",
  "topics": [
    "0x54288386b3d7dc83e39107a63fcfe9b6509fcab45186e55a108fafec01f6b386"
  ],
  "data": "0x0000000000000000000000000000000000000000000000000000000000000020000000000000000000000000000000000000000000000000000000000000001a7072696e74322829203d206e6968616fefbc8c7368696a696521000000000000",
  "logIndex": 0,
  "blockHash": "0x67781c7be92ef4f4505fd483b6d024a801f5443c97987db9cc27531f54bf4aaf",
  "args": [
    "print2() = nihao，shijie!"
  ],
  "event": "DoLog",
  "eventSignature": "DoLog(string)"
}
2024-12-11 10:48:57 [info]: {
  "transactionIndex": 0,
  "blockNumber": 10,
  "transactionHash": "0xfe1bee31fe5883ebb3590acf13f6eee3407ae4d1c5a22c586c229186f9882e58",
  "address": "0x5FC8d32690cc91D4c39d9d3abcBD16989F875707",
  "topics": [
    "0x317ba7a85994a032260935696ee363fc0e61b8e4d805c4b759ae524b9d1effa5"
  ],
  "data": "0x0000000000000000000000000000000000000000000000000000000000000001",
  "logIndex": 0,
  "blockHash": "0xc6adc3c71fa3e0a8a3ad1d8a0dab5adc1c13b4bf92e7a89117cff44d50cfa1f4",
  "args": [
    true
  ],
  "event": "DoLog3",
  "eventSignature": "DoLog3(bool)"
}
2024-12-11 10:53:36 [info]: helloWorld deployed to (address): 0x610178dA211FEF7D417bC0e6FeD39F05609AD788
2024-12-11 10:53:47 [info]: helloWorld deployed to (address): 0xB7f8BC63BbcaD18155201308C8f3540b07f84F5e
2024-12-11 10:53:47 [info]: helloWorld deployed by (address): 0xf39Fd6e51aad88F6F4ce6aB8827279cffFb92266
2024-12-11 10:55:23 [info]: helloWorld deployed to (address): 0x8464135c8F25Da09e49BC8782676a84730C318bC
2024-12-11 10:55:23 [info]: helloWorld deployed by (address): 0x70997970C51812dc3A010C7d01b50e0d17dc79C8
2024-12-11 10:55:46 [info]: helloWorld deployed to (address): 0x71C95911E9a5D330f4D621842EC243EE1343292e
2024-12-11 10:55:46 [info]: helloWorld deployed by (address): 0x70997970C51812dc3A010C7d01b50e0d17dc79C8
2024-12-11 10:56:27 [info]: helloWorld deployed to (address): 0x057ef64E23666F000b34aE31332854aCBd1c8544
2024-12-11 10:56:27 [info]: helloWorld deployed by (address): 0x90F79bf6EB2c4f870365E785982E1f101E93b906
