2024-10-12 00:09:09 [info]: 0xa447d5c04363b863bfb417fed95f13c4350af45b6bca73fb7db73747853978ae497310796c9a20c3fa96250df7b6617d56ee2ab20dddc6c2d0cf6c936fa680dc1b
2024-10-12 00:09:09 [info]: {
  "transactionIndex": 0,
  "blockNumber": 115,
  "transactionHash": "0xd758118d53f2357aa43183dd866164e33b1abcee5125db175e0eefd196638e8a",
  "address": "0x24320D020dC25241C3d1a38404bf4e4CbEDD9250",
  "topics": [
    "0x164629908c0aca8f9ff0399564fb33be5f7658ea82bb0d5a4136bfef40c30423"
  ],
  "data": "0x0000000000000000000000000000000000000000000000000000000000000001000000000000000000000000352307e6d885976d25b780f2af1f519084f6b2e7000000000000000000000000352307e6d885976d25b780f2af1f519084f6b2e7",
  "logIndex": 0,
  "blockHash": "0x675462c5b04bd92665dbc914b647437e05a8e791806736d2adcc98c059f59aca",
  "args": [
    true,
    "0x352307e6d885976D25B780f2af1F519084F6b2E7",
    "0x352307e6d885976D25B780f2af1F519084F6b2E7"
  ],
  "event": "VerifyVoteLog",
  "eventSignature": "VerifyVoteLog(bool,address,address)"
}
2024-10-12 00:09:41 [info]: signature = 0xa447d5c04363b863bfb417fed95f13c4350af45b6bca73fb7db73747853978ae497310796c9a20c3fa96250df7b6617d56ee2ab20dddc6c2d0cf6c936fa680dc1b
2024-10-12 00:09:41 [info]: {
  "transactionIndex": 0,
  "blockNumber": 116,
  "transactionHash": "0x4733ffe6f34238a46fcc69a4a860ce6052df9271059498177a8deace29bf1c03",
  "address": "0x24320D020dC25241C3d1a38404bf4e4CbEDD9250",
  "topics": [
    "0x164629908c0aca8f9ff0399564fb33be5f7658ea82bb0d5a4136bfef40c30423"
  ],
  "data": "0x0000000000000000000000000000000000000000000000000000000000000001000000000000000000000000352307e6d885976d25b780f2af1f519084f6b2e7000000000000000000000000352307e6d885976d25b780f2af1f519084f6b2e7",
  "logIndex": 0,
  "blockHash": "0x28cbb7ab7d8b61d19762fbd897797079da4382a585914fbeb4e816a7776dbf36",
  "args": [
    true,
    "0x352307e6d885976D25B780f2af1F519084F6b2E7",
    "0x352307e6d885976D25B780f2af1F519084F6b2E7"
  ],
  "event": "VerifyVoteLog",
  "eventSignature": "VerifyVoteLog(bool,address,address)"
}
2024-10-12 00:12:32 [info]: signature = 0xcc5aec4cb7da702b2eea575e300ed1fa790f4683b7658b197f9efa87ef5bb1d342f1f6180141732916b74fdaa8c7311592457577659b81f9bceea46729189b6e1c
2024-10-12 00:12:32 [info]: {
  "transactionIndex": 0,
  "blockNumber": 117,
  "transactionHash": "0xecbc093ce3dd90b05d58fabbea8d526a7bf4b4578ab54a76b42c6ab7898057d3",
  "address": "0x24320D020dC25241C3d1a38404bf4e4CbEDD9250",
  "topics": [
    "0x164629908c0aca8f9ff0399564fb33be5f7658ea82bb0d5a4136bfef40c30423"
  ],
  "data": "0x0000000000000000000000000000000000000000000000000000000000000000000000000000000000000000352307e6d885976d25b780f2af1f519084f6b2e700000000000000000000000042c305656b969a3c59e207a395fafd1c651c74de",
  "logIndex": 0,
  "blockHash": "0x2ce7af036fbeed543fb1b8473c496198899c6cbea65d3e38b7e3c4d1e51b24a6",
  "args": [
    false,
    "0x352307e6d885976D25B780f2af1F519084F6b2E7",
    "0x42C305656B969a3c59E207A395FaFD1C651C74dE"
  ],
  "event": "VerifyVoteLog",
  "eventSignature": "VerifyVoteLog(bool,address,address)"
}
2024-10-12 00:14:16 [info]: signature = 0xa447d5c04363b863bfb417fed95f13c4350af45b6bca73fb7db73747853978ae497310796c9a20c3fa96250df7b6617d56ee2ab20dddc6c2d0cf6c936fa680dc1b
2024-10-12 00:14:16 [info]: {
  "transactionIndex": 0,
  "blockNumber": 118,
  "transactionHash": "0xc61ece2eba0beb1c70ed3536d4b8c7cb64820f838848b7acbf9831cb4957834b",
  "address": "0x24320D020dC25241C3d1a38404bf4e4CbEDD9250",
  "topics": [
    "0x164629908c0aca8f9ff0399564fb33be5f7658ea82bb0d5a4136bfef40c30423"
  ],
  "data": "0x0000000000000000000000000000000000000000000000000000000000000001000000000000000000000000352307e6d885976d25b780f2af1f519084f6b2e7000000000000000000000000352307e6d885976d25b780f2af1f519084f6b2e7",
  "logIndex": 0,
  "blockHash": "0x8526c8fe9738663cbf28f4ca80cb21bb6c3e932d799ddea8c8d0e4370eff9bf2",
  "args": [
    true,
    "0x352307e6d885976D25B780f2af1F519084F6b2E7",
    "0x352307e6d885976D25B780f2af1F519084F6b2E7"
  ],
  "event": "VerifyVoteLog",
  "eventSignature": "VerifyVoteLog(bool,address,address)"
}
